<?xml version="1.0" encoding="UTF-8"?>
<!-- Generated by org.testng.reporters.JUnitReportReporter -->
<testsuite skipped="0" hostname="DESKTOP-LA8O03P" name="org.Cricket.Group" tests="2" failures="0" timestamp="13 Jul 2023 17:31:27 GMT" time="0.010" errors="0">
  <testcase name="Rohit" time="0.000" classname="org.Cricket.Group"/>
  <testcase name="MSD" time="0.010" classname="org.Cricket.Group"/>
</testsuite> <!-- org.Cricket.Group -->
