<?xml version="1.0" encoding="UTF-8"?>
<!-- Generated by org.testng.reporters.JUnitReportReporter -->
<testsuite skipped="0" hostname="DESKTOP-LA8O03P" name="org.Cricket.AssertTorF" tests="1" failures="0" timestamp="13 Jul 2023 12:06:53 GMT" time="0.000" errors="0">
  <testcase name="tc1" time="0.000" classname="org.Cricket.AssertTorF"/>
</testsuite> <!-- org.Cricket.AssertTorF -->
