<?xml version="1.0" encoding="UTF-8"?>
<!-- Generated by org.testng.reporters.JUnitReportReporter -->
<testsuite skipped="0" hostname="DESKTOP-LA8O03P" name="org.Cricket.LMessi" tests="8" failures="0" timestamp="13 Jul 2023 09:53:26 GMT" time="0.019" errors="0">
  <testcase name="CSK" time="0.000" classname="org.Cricket.LMessi"/>
  <testcase name="CSK" time="0.000" classname="org.Cricket.LMessi"/>
  <testcase name="CSK" time="0.000" classname="org.Cricket.LMessi"/>
  <testcase name="CSK" time="0.000" classname="org.Cricket.LMessi"/>
  <testcase name="CSK" time="0.019" classname="org.Cricket.LMessi"/>
  <testcase name="RCB" time="0.000" classname="org.Cricket.LMessi"/>
  <testcase name="GT" time="0.000" classname="org.Cricket.LMessi"/>
  <testcase name="GL" time="0.000" classname="org.Cricket.LMessi"/>
</testsuite> <!-- org.Cricket.LMessi -->
