<?xml version="1.0" encoding="UTF-8"?>
<!-- Generated by org.testng.reporters.JUnitReportReporter -->
<testsuite skipped="1" hostname="DESKTOP-LA8O03P" name="org.Cricket.WWE" tests="9" failures="0" timestamp="12 Jul 2023 12:45:31 GMT" time="16.893" errors="0">
  <testcase name="Khali" time="15.532" classname="org.Cricket.WWE"/>
  <testcase name="Rock" time="0.177" classname="org.Cricket.WWE"/>
  <testcase name="Rock" time="0.166" classname="org.Cricket.WWE"/>
  <testcase name="Rock" time="0.194" classname="org.Cricket.WWE"/>
  <testcase name="Rock" time="0.174" classname="org.Cricket.WWE"/>
  <testcase name="Rock" time="0.304" classname="org.Cricket.WWE"/>
  <testcase name="Rock" time="0.170" classname="org.Cricket.WWE"/>
  <testcase name="Rock" time="0.176" classname="org.Cricket.WWE"/>
  <testcase name="Cena" classname="org.Cricket.WWE">
    <skipped/>
  </testcase> <!-- Cena -->
</testsuite> <!-- org.Cricket.WWE -->
