<?xml version="1.0" encoding="UTF-8"?>
<!-- Generated by org.testng.reporters.JUnitReportReporter -->
<testsuite skipped="0" hostname="DESKTOP-LA8O03P" name="org.Cricket.Parameter" tests="2" failures="0" timestamp="13 Jul 2023 17:03:03 GMT" time="0.811" errors="0">
  <testcase name="para" time="0.751" classname="org.Cricket.Parameter"/>
  <testcase name="meter" time="0.060" classname="org.Cricket.Parameter"/>
</testsuite> <!-- org.Cricket.Parameter -->
